2014-02-16 21:43:04.658  INFO 15441 [main] --- com.group3s.urubu.UrubuApplication       : Starting UrubuApplication on macbook.local with PID 15441 (/Users/Lolo/Documents/workspace-sts-3.4.0.RELEASE/demo/target/urubu-teleinfo.jar started by Lolo)
2014-02-16 21:43:04.757  INFO 15441 [main] --- ationConfigEmbeddedWebApplicationContext : Refreshing org.springframework.boot.context.embedded.AnnotationConfigEmbeddedWebApplicationContext@7a0a2cdd: startup date [Sun Feb 16 21:43:04 CET 2014]; root of context hierarchy
2014-02-16 21:43:07.080  INFO 15441 [main] --- .t.TomcatEmbeddedServletContainerFactory : Server initialized with port: 9000
2014-02-16 21:43:07.481  INFO 15441 [main] --- o.apache.catalina.core.StandardService   : Starting service Tomcat
2014-02-16 21:43:07.481  INFO 15441 [main] --- org.apache.catalina.core.StandardEngine  : Starting Servlet Engine: Apache Tomcat/7.0.47
2014-02-16 21:43:07.676  INFO 15441 [localhost-startStop-1] --- o.a.c.c.C.[Tomcat].[localhost].[/]       : Initializing Spring embedded WebApplicationContext
2014-02-16 21:43:07.677  INFO 15441 [localhost-startStop-1] --- o.s.web.context.ContextLoader            : Root WebApplicationContext: initialization completed in 2926 ms
2014-02-16 21:43:08.973 ERROR 15441 [main] --- o.a.coyote.http11.Http11NioProtocol      : Failed to start end point associated with ProtocolHandler ["http-nio-9000"]

java.net.BindException: Address already in use
	at sun.nio.ch.Net.bind0(Native Method)
	at sun.nio.ch.Net.bind(Net.java:444)
	at sun.nio.ch.Net.bind(Net.java:436)
	at sun.nio.ch.ServerSocketChannelImpl.bind(ServerSocketChannelImpl.java:214)
	at sun.nio.ch.ServerSocketAdaptor.bind(ServerSocketAdaptor.java:74)
	at org.apache.tomcat.util.net.NioEndpoint.bind(NioEndpoint.java:473)
	at org.apache.tomcat.util.net.AbstractEndpoint.start(AbstractEndpoint.java:630)
	at org.apache.coyote.AbstractProtocol.start(AbstractProtocol.java:449)
	at org.apache.catalina.connector.Connector.startInternal(Connector.java:1010)
	at org.apache.catalina.util.LifecycleBase.start(LifecycleBase.java:150)
	at org.apache.catalina.core.StandardService.startInternal(StandardService.java:459)
	at org.apache.catalina.util.LifecycleBase.start(LifecycleBase.java:150)
	at org.apache.catalina.core.StandardServer.startInternal(StandardServer.java:732)
	at org.apache.catalina.util.LifecycleBase.start(LifecycleBase.java:150)
	at org.apache.catalina.startup.Tomcat.start(Tomcat.java:341)
	at org.springframework.boot.context.embedded.tomcat.TomcatEmbeddedServletContainer.initialize(TomcatEmbeddedServletContainer.java:79)
	at org.springframework.boot.context.embedded.tomcat.TomcatEmbeddedServletContainer.<init>(TomcatEmbeddedServletContainer.java:69)
	at org.springframework.boot.context.embedded.tomcat.TomcatEmbeddedServletContainerFactory.getTomcatEmbeddedServletContainer(TomcatEmbeddedServletContainerFactory.java:256)
	at org.springframework.boot.context.embedded.tomcat.TomcatEmbeddedServletContainerFactory.getEmbeddedServletContainer(TomcatEmbeddedServletContainerFactory.java:135)
	at org.springframework.boot.context.embedded.EmbeddedWebApplicationContext.createEmbeddedServletContainer(EmbeddedWebApplicationContext.java:159)
	at org.springframework.boot.context.embedded.EmbeddedWebApplicationContext.onRefresh(EmbeddedWebApplicationContext.java:132)
	at org.springframework.context.support.AbstractApplicationContext.refresh(AbstractApplicationContext.java:476)
	at org.springframework.boot.context.embedded.EmbeddedWebApplicationContext.refresh(EmbeddedWebApplicationContext.java:120)
	at org.springframework.boot.SpringApplication.refresh(SpringApplication.java:616)
	at org.springframework.boot.SpringApplication.run(SpringApplication.java:306)
	at org.springframework.boot.SpringApplication.run(SpringApplication.java:877)
	at org.springframework.boot.SpringApplication.run(SpringApplication.java:866)
	at com.group3s.urubu.UrubuApplication.main(UrubuApplication.java:22)
	at sun.reflect.NativeMethodAccessorImpl.invoke0(Native Method)
	at sun.reflect.NativeMethodAccessorImpl.invoke(NativeMethodAccessorImpl.java:57)
	at sun.reflect.DelegatingMethodAccessorImpl.invoke(DelegatingMethodAccessorImpl.java:43)
	at java.lang.reflect.Method.invoke(Method.java:606)
	at org.springframework.boot.loader.MainMethodRunner.run(MainMethodRunner.java:53)
	at java.lang.Thread.run(Thread.java:724)

2014-02-16 21:43:08.978 ERROR 15441 [main] --- o.apache.catalina.core.StandardService   : Failed to start connector [Connector[org.apache.coyote.http11.Http11NioProtocol-9000]]

org.apache.catalina.LifecycleException: Failed to start component [Connector[org.apache.coyote.http11.Http11NioProtocol-9000]]
	at org.apache.catalina.util.LifecycleBase.start(LifecycleBase.java:154)
	at org.apache.catalina.core.StandardService.startInternal(StandardService.java:459)
	at org.apache.catalina.util.LifecycleBase.start(LifecycleBase.java:150)
	at org.apache.catalina.core.StandardServer.startInternal(StandardServer.java:732)
	at org.apache.catalina.util.LifecycleBase.start(LifecycleBase.java:150)
	at org.apache.catalina.startup.Tomcat.start(Tomcat.java:341)
	at org.springframework.boot.context.embedded.tomcat.TomcatEmbeddedServletContainer.initialize(TomcatEmbeddedServletContainer.java:79)
	at org.springframework.boot.context.embedded.tomcat.TomcatEmbeddedServletContainer.<init>(TomcatEmbeddedServletContainer.java:69)
	at org.springframework.boot.context.embedded.tomcat.TomcatEmbeddedServletContainerFactory.getTomcatEmbeddedServletContainer(TomcatEmbeddedServletContainerFactory.java:256)
	at org.springframework.boot.context.embedded.tomcat.TomcatEmbeddedServletContainerFactory.getEmbeddedServletContainer(TomcatEmbeddedServletContainerFactory.java:135)
	at org.springframework.boot.context.embedded.EmbeddedWebApplicationContext.createEmbeddedServletContainer(EmbeddedWebApplicationContext.java:159)
	at org.springframework.boot.context.embedded.EmbeddedWebApplicationContext.onRefresh(EmbeddedWebApplicationContext.java:132)
	at org.springframework.context.support.AbstractApplicationContext.refresh(AbstractApplicationContext.java:476)
	at org.springframework.boot.context.embedded.EmbeddedWebApplicationContext.refresh(EmbeddedWebApplicationContext.java:120)
	at org.springframework.boot.SpringApplication.refresh(SpringApplication.java:616)
	at org.springframework.boot.SpringApplication.run(SpringApplication.java:306)
	at org.springframework.boot.SpringApplication.run(SpringApplication.java:877)
	at org.springframework.boot.SpringApplication.run(SpringApplication.java:866)
	at com.group3s.urubu.UrubuApplication.main(UrubuApplication.java:22)
	at sun.reflect.NativeMethodAccessorImpl.invoke0(Native Method)
	at sun.reflect.NativeMethodAccessorImpl.invoke(NativeMethodAccessorImpl.java:57)
	at sun.reflect.DelegatingMethodAccessorImpl.invoke(DelegatingMethodAccessorImpl.java:43)
	at java.lang.reflect.Method.invoke(Method.java:606)
	at org.springframework.boot.loader.MainMethodRunner.run(MainMethodRunner.java:53)
	at java.lang.Thread.run(Thread.java:724)
Caused by: org.apache.catalina.LifecycleException: service.getName(): "Tomcat";  Protocol handler start failed
	at org.apache.catalina.connector.Connector.startInternal(Connector.java:1017)
	at org.apache.catalina.util.LifecycleBase.start(LifecycleBase.java:150)
	... 24 common frames omitted
Caused by: java.net.BindException: Address already in use
	at sun.nio.ch.Net.bind0(Native Method)
	at sun.nio.ch.Net.bind(Net.java:444)
	at sun.nio.ch.Net.bind(Net.java:436)
	at sun.nio.ch.ServerSocketChannelImpl.bind(ServerSocketChannelImpl.java:214)
	at sun.nio.ch.ServerSocketAdaptor.bind(ServerSocketAdaptor.java:74)
	at org.apache.tomcat.util.net.NioEndpoint.bind(NioEndpoint.java:473)
	at org.apache.tomcat.util.net.AbstractEndpoint.start(AbstractEndpoint.java:630)
	at org.apache.coyote.AbstractProtocol.start(AbstractProtocol.java:449)
	at org.apache.catalina.connector.Connector.startInternal(Connector.java:1010)
	... 25 common frames omitted

2014-02-16 21:43:08.979  INFO 15441 [main] --- o.apache.catalina.core.StandardService   : Stopping service Tomcat
2014-02-16 21:43:09.007  INFO 15441 [main] --- .b.l.ClasspathLoggingApplicationListener : Application failed to start with classpath: [jar:file:/Users/Lolo/Documents/workspace-sts-3.4.0.RELEASE/demo/target/urubu-teleinfo.jar!/, jar:file:/Users/Lolo/Documents/workspace-sts-3.4.0.RELEASE/demo/target/urubu-teleinfo.jar!/lib/spring-boot-starter-web-1.0.0.RC2.jar!/, jar:file:/Users/Lolo/Documents/workspace-sts-3.4.0.RELEASE/demo/target/urubu-teleinfo.jar!/lib/spring-boot-starter-1.0.0.RC2.jar!/, jar:file:/Users/Lolo/Documents/workspace-sts-3.4.0.RELEASE/demo/target/urubu-teleinfo.jar!/lib/spring-boot-1.0.0.RC2.jar!/, jar:file:/Users/Lolo/Documents/workspace-sts-3.4.0.RELEASE/demo/target/urubu-teleinfo.jar!/lib/spring-boot-autoconfigure-1.0.0.RC2.jar!/, jar:file:/Users/Lolo/Documents/workspace-sts-3.4.0.RELEASE/demo/target/urubu-teleinfo.jar!/lib/spring-boot-starter-tomcat-1.0.0.RC2.jar!/, jar:file:/Users/Lolo/Documents/workspace-sts-3.4.0.RELEASE/demo/target/urubu-teleinfo.jar!/lib/tomcat-embed-core-7.0.47.jar!/, jar:file:/Users/Lolo/Documents/workspace-sts-3.4.0.RELEASE/demo/target/urubu-teleinfo.jar!/lib/tomcat-embed-logging-juli-7.0.47.jar!/, jar:file:/Users/Lolo/Documents/workspace-sts-3.4.0.RELEASE/demo/target/urubu-teleinfo.jar!/lib/jackson-databind-2.3.1.jar!/, jar:file:/Users/Lolo/Documents/workspace-sts-3.4.0.RELEASE/demo/target/urubu-teleinfo.jar!/lib/jackson-annotations-2.3.0.jar!/, jar:file:/Users/Lolo/Documents/workspace-sts-3.4.0.RELEASE/demo/target/urubu-teleinfo.jar!/lib/jackson-core-2.3.1.jar!/, jar:file:/Users/Lolo/Documents/workspace-sts-3.4.0.RELEASE/demo/target/urubu-teleinfo.jar!/lib/spring-web-4.0.1.RELEASE.jar!/, jar:file:/Users/Lolo/Documents/workspace-sts-3.4.0.RELEASE/demo/target/urubu-teleinfo.jar!/lib/spring-aop-4.0.1.RELEASE.jar!/, jar:file:/Users/Lolo/Documents/workspace-sts-3.4.0.RELEASE/demo/target/urubu-teleinfo.jar!/lib/aopalliance-1.0.jar!/, jar:file:/Users/Lolo/Documents/workspace-sts-3.4.0.RELEASE/demo/target/urubu-teleinfo.jar!/lib/spring-webmvc-4.0.1.RELEASE.jar!/, jar:file:/Users/Lolo/Documents/workspace-sts-3.4.0.RELEASE/demo/target/urubu-teleinfo.jar!/lib/hibernate-validator-5.0.2.Final.jar!/, jar:file:/Users/Lolo/Documents/workspace-sts-3.4.0.RELEASE/demo/target/urubu-teleinfo.jar!/lib/validation-api-1.1.0.Final.jar!/, jar:file:/Users/Lolo/Documents/workspace-sts-3.4.0.RELEASE/demo/target/urubu-teleinfo.jar!/lib/jboss-logging-3.1.1.GA.jar!/, jar:file:/Users/Lolo/Documents/workspace-sts-3.4.0.RELEASE/demo/target/urubu-teleinfo.jar!/lib/classmate-1.0.0.jar!/, jar:file:/Users/Lolo/Documents/workspace-sts-3.4.0.RELEASE/demo/target/urubu-teleinfo.jar!/lib/spring-boot-starter-logging-1.0.0.RC2.jar!/, jar:file:/Users/Lolo/Documents/workspace-sts-3.4.0.RELEASE/demo/target/urubu-teleinfo.jar!/lib/jul-to-slf4j-1.7.5.jar!/, jar:file:/Users/Lolo/Documents/workspace-sts-3.4.0.RELEASE/demo/target/urubu-teleinfo.jar!/lib/log4j-over-slf4j-1.7.5.jar!/, jar:file:/Users/Lolo/Documents/workspace-sts-3.4.0.RELEASE/demo/target/urubu-teleinfo.jar!/lib/logback-classic-1.1.0.jar!/, jar:file:/Users/Lolo/Documents/workspace-sts-3.4.0.RELEASE/demo/target/urubu-teleinfo.jar!/lib/logback-core-1.1.0.jar!/, jar:file:/Users/Lolo/Documents/workspace-sts-3.4.0.RELEASE/demo/target/urubu-teleinfo.jar!/lib/spring-data-mongodb-1.4.0.RC1.jar!/, jar:file:/Users/Lolo/Documents/workspace-sts-3.4.0.RELEASE/demo/target/urubu-teleinfo.jar!/lib/spring-tx-4.0.1.RELEASE.jar!/, jar:file:/Users/Lolo/Documents/workspace-sts-3.4.0.RELEASE/demo/target/urubu-teleinfo.jar!/lib/spring-context-4.0.1.RELEASE.jar!/, jar:file:/Users/Lolo/Documents/workspace-sts-3.4.0.RELEASE/demo/target/urubu-teleinfo.jar!/lib/spring-beans-4.0.1.RELEASE.jar!/, jar:file:/Users/Lolo/Documents/workspace-sts-3.4.0.RELEASE/demo/target/urubu-teleinfo.jar!/lib/spring-core-4.0.1.RELEASE.jar!/, jar:file:/Users/Lolo/Documents/workspace-sts-3.4.0.RELEASE/demo/target/urubu-teleinfo.jar!/lib/spring-expression-4.0.1.RELEASE.jar!/, jar:file:/Users/Lolo/Documents/workspace-sts-3.4.0.RELEASE/demo/target/urubu-teleinfo.jar!/lib/spring-data-commons-1.7.0.RC1.jar!/, jar:file:/Users/Lolo/Documents/workspace-sts-3.4.0.RELEASE/demo/target/urubu-teleinfo.jar!/lib/mongo-java-driver-2.11.3.jar!/, jar:file:/Users/Lolo/Documents/workspace-sts-3.4.0.RELEASE/demo/target/urubu-teleinfo.jar!/lib/slf4j-api-1.7.5.jar!/, jar:file:/Users/Lolo/Documents/workspace-sts-3.4.0.RELEASE/demo/target/urubu-teleinfo.jar!/lib/jcl-over-slf4j-1.7.5.jar!/, jar:file:/Users/Lolo/Documents/workspace-sts-3.4.0.RELEASE/demo/target/urubu-teleinfo.jar!/lib/angularjs-1.2.12.jar!/]
2014-02-16 21:43:22.919  INFO 15442 [main] --- com.group3s.urubu.UrubuApplication       : Starting UrubuApplication on macbook.local with PID 15442 (/Users/Lolo/Documents/workspace-sts-3.4.0.RELEASE/demo/target/urubu-teleinfo.jar started by Lolo)
2014-02-16 21:43:23.011  INFO 15442 [main] --- ationConfigEmbeddedWebApplicationContext : Refreshing org.springframework.boot.context.embedded.AnnotationConfigEmbeddedWebApplicationContext@6de17d0b: startup date [Sun Feb 16 21:43:23 CET 2014]; root of context hierarchy
2014-02-16 21:43:25.657  INFO 15442 [main] --- .t.TomcatEmbeddedServletContainerFactory : Server initialized with port: 9000
2014-02-16 21:43:26.264  INFO 15442 [main] --- o.apache.catalina.core.StandardService   : Starting service Tomcat
2014-02-16 21:43:26.276  INFO 15442 [main] --- org.apache.catalina.core.StandardEngine  : Starting Servlet Engine: Apache Tomcat/7.0.47
2014-02-16 21:43:26.559  INFO 15442 [localhost-startStop-1] --- o.a.c.c.C.[Tomcat].[localhost].[/]       : Initializing Spring embedded WebApplicationContext
2014-02-16 21:43:26.560  INFO 15442 [localhost-startStop-1] --- o.s.web.context.ContextLoader            : Root WebApplicationContext: initialization completed in 3555 ms
2014-02-16 21:43:28.825  INFO 15442 [main] --- o.s.w.s.handler.SimpleUrlHandlerMapping  : Mapped URL path [/**/favicon.ico] onto handler of type [class org.springframework.web.servlet.resource.ResourceHttpRequestHandler]
2014-02-16 21:43:29.048  INFO 15442 [main] --- s.w.s.m.m.a.RequestMappingHandlerMapping : Mapped "{[/customer/random],methods=[GET],params=[],headers=[],consumes=[],produces=[],custom=[]}" onto public com.group3s.urubu.domain.Customer com.group3s.urubu.web.CustomerController.random()
2014-02-16 21:43:29.049  INFO 15442 [main] --- s.w.s.m.m.a.RequestMappingHandlerMapping : Mapped "{[/customer/create],methods=[POST],params=[],headers=[],consumes=[],produces=[],custom=[]}" onto public com.group3s.urubu.domain.Customer com.group3s.urubu.web.CustomerController.create(java.lang.String,java.lang.String)
2014-02-16 21:43:29.050  INFO 15442 [main] --- s.w.s.m.m.a.RequestMappingHandlerMapping : Mapped "{[/customer/all],methods=[GET],params=[],headers=[],consumes=[],produces=[],custom=[]}" onto public java.util.List<com.group3s.urubu.domain.Customer> com.group3s.urubu.web.CustomerController.all()
2014-02-16 21:43:29.051  INFO 15442 [main] --- s.w.s.m.m.a.RequestMappingHandlerMapping : Mapped "{[/hello-world],methods=[GET],params=[],headers=[],consumes=[],produces=[],custom=[]}" onto public com.group3s.urubu.domain.Greeting com.group3s.urubu.web.HelloWorldController.sayHello(java.lang.String)
2014-02-16 21:43:29.053  INFO 15442 [main] --- s.w.s.m.m.a.RequestMappingHandlerMapping : Mapped "{[/mesure/create],methods=[GET],params=[],headers=[],consumes=[],produces=[],custom=[]}" onto public com.group3s.urubu.domain.Mesure com.group3s.urubu.web.MesureController.create(java.lang.String,java.lang.String,java.lang.String,java.lang.String,java.lang.String,java.lang.String,java.lang.String,java.lang.String,java.lang.String,java.lang.String,java.lang.String,java.lang.String)
2014-02-16 21:43:29.053  INFO 15442 [main] --- s.w.s.m.m.a.RequestMappingHandlerMapping : Mapped "{[/mesure/all],methods=[GET],params=[],headers=[],consumes=[],produces=[],custom=[]}" onto public java.util.List<com.group3s.urubu.domain.Mesure> com.group3s.urubu.web.MesureController.all()
2014-02-16 21:43:29.068  INFO 15442 [main] --- o.s.w.s.c.a.WebMvcConfigurerAdapter      : Adding welcome page: jar:file:/Users/Lolo/Documents/workspace-sts-3.4.0.RELEASE/demo/target/urubu-teleinfo.jar!/static/index.html
2014-02-16 21:43:29.073  INFO 15442 [main] --- o.s.w.s.handler.SimpleUrlHandlerMapping  : Root mapping to handler of type [class org.springframework.web.servlet.mvc.ParameterizableViewController]
2014-02-16 21:43:29.119  INFO 15442 [main] --- o.s.w.s.handler.SimpleUrlHandlerMapping  : Mapped URL path [/**] onto handler of type [class org.springframework.web.servlet.resource.ResourceHttpRequestHandler]
2014-02-16 21:43:29.120  INFO 15442 [main] --- o.s.w.s.handler.SimpleUrlHandlerMapping  : Mapped URL path [/webjars/**] onto handler of type [class org.springframework.web.servlet.resource.ResourceHttpRequestHandler]
2014-02-16 21:43:29.643  INFO 15442 [main] --- o.s.j.e.a.AnnotationMBeanExporter        : Registering beans for JMX exposure on startup
2014-02-16 21:43:29.706  INFO 15442 [main] --- s.b.c.e.t.TomcatEmbeddedServletContainer : Tomcat started on port: 9000
2014-02-16 21:43:29.711  INFO 15442 [main] --- com.group3s.urubu.UrubuApplication       : Started UrubuApplication in 7.54 seconds (JVM running for 8.491)
