2014-02-16 23:38:55.236  INFO 1490 [main] --- com.group3s.urubu.UrubuApplication       : Starting UrubuApplication on macbook.local with PID 1490 (/Users/Lolo/Documents/workspace-sts-3.4.0.RELEASE/demo/target/classes started by Lolo)
2014-02-16 23:38:55.338  INFO 1490 [main] --- ationConfigEmbeddedWebApplicationContext : Refreshing org.springframework.boot.context.embedded.AnnotationConfigEmbeddedWebApplicationContext@da41dc5: startup date [Sun Feb 16 23:38:55 CET 2014]; root of context hierarchy
2014-02-16 23:38:57.629  INFO 1490 [main] --- .t.TomcatEmbeddedServletContainerFactory : Server initialized with port: 80
2014-02-16 23:38:58.053  INFO 1490 [main] --- o.apache.catalina.core.StandardService   : Starting service Tomcat
2014-02-16 23:38:58.054  INFO 1490 [main] --- org.apache.catalina.core.StandardEngine  : Starting Servlet Engine: Apache Tomcat/7.0.47
2014-02-16 23:38:58.288  INFO 1490 [localhost-startStop-1] --- o.a.c.c.C.[Tomcat].[localhost].[/]       : Initializing Spring embedded WebApplicationContext
2014-02-16 23:38:58.288  INFO 1490 [localhost-startStop-1] --- o.s.web.context.ContextLoader            : Root WebApplicationContext: initialization completed in 2955 ms
2014-02-16 23:38:59.313 ERROR 1490 [main] --- o.a.coyote.http11.Http11NioProtocol      : Failed to start end point associated with ProtocolHandler ["http-nio-80"]

java.net.SocketException: Permission denied
	at sun.nio.ch.Net.bind0(Native Method)
	at sun.nio.ch.Net.bind(Net.java:444)
	at sun.nio.ch.Net.bind(Net.java:436)
	at sun.nio.ch.ServerSocketChannelImpl.bind(ServerSocketChannelImpl.java:214)
	at sun.nio.ch.ServerSocketAdaptor.bind(ServerSocketAdaptor.java:74)
	at org.apache.tomcat.util.net.NioEndpoint.bind(NioEndpoint.java:473)
	at org.apache.tomcat.util.net.AbstractEndpoint.start(AbstractEndpoint.java:630)
	at org.apache.coyote.AbstractProtocol.start(AbstractProtocol.java:449)
	at org.apache.catalina.connector.Connector.startInternal(Connector.java:1010)
	at org.apache.catalina.util.LifecycleBase.start(LifecycleBase.java:150)
	at org.apache.catalina.core.StandardService.startInternal(StandardService.java:459)
	at org.apache.catalina.util.LifecycleBase.start(LifecycleBase.java:150)
	at org.apache.catalina.core.StandardServer.startInternal(StandardServer.java:732)
	at org.apache.catalina.util.LifecycleBase.start(LifecycleBase.java:150)
	at org.apache.catalina.startup.Tomcat.start(Tomcat.java:341)
	at org.springframework.boot.context.embedded.tomcat.TomcatEmbeddedServletContainer.initialize(TomcatEmbeddedServletContainer.java:79)
	at org.springframework.boot.context.embedded.tomcat.TomcatEmbeddedServletContainer.<init>(TomcatEmbeddedServletContainer.java:69)
	at org.springframework.boot.context.embedded.tomcat.TomcatEmbeddedServletContainerFactory.getTomcatEmbeddedServletContainer(TomcatEmbeddedServletContainerFactory.java:256)
	at org.springframework.boot.context.embedded.tomcat.TomcatEmbeddedServletContainerFactory.getEmbeddedServletContainer(TomcatEmbeddedServletContainerFactory.java:135)
	at org.springframework.boot.context.embedded.EmbeddedWebApplicationContext.createEmbeddedServletContainer(EmbeddedWebApplicationContext.java:159)
	at org.springframework.boot.context.embedded.EmbeddedWebApplicationContext.onRefresh(EmbeddedWebApplicationContext.java:132)
	at org.springframework.context.support.AbstractApplicationContext.refresh(AbstractApplicationContext.java:476)
	at org.springframework.boot.context.embedded.EmbeddedWebApplicationContext.refresh(EmbeddedWebApplicationContext.java:120)
	at org.springframework.boot.SpringApplication.refresh(SpringApplication.java:616)
	at org.springframework.boot.SpringApplication.run(SpringApplication.java:306)
	at org.springframework.boot.SpringApplication.run(SpringApplication.java:877)
	at org.springframework.boot.SpringApplication.run(SpringApplication.java:866)
	at com.group3s.urubu.UrubuApplication.main(UrubuApplication.java:22)

2014-02-16 23:38:59.316 ERROR 1490 [main] --- o.apache.catalina.core.StandardService   : Failed to start connector [Connector[org.apache.coyote.http11.Http11NioProtocol-80]]

org.apache.catalina.LifecycleException: Failed to start component [Connector[org.apache.coyote.http11.Http11NioProtocol-80]]
	at org.apache.catalina.util.LifecycleBase.start(LifecycleBase.java:154)
	at org.apache.catalina.core.StandardService.startInternal(StandardService.java:459)
	at org.apache.catalina.util.LifecycleBase.start(LifecycleBase.java:150)
	at org.apache.catalina.core.StandardServer.startInternal(StandardServer.java:732)
	at org.apache.catalina.util.LifecycleBase.start(LifecycleBase.java:150)
	at org.apache.catalina.startup.Tomcat.start(Tomcat.java:341)
	at org.springframework.boot.context.embedded.tomcat.TomcatEmbeddedServletContainer.initialize(TomcatEmbeddedServletContainer.java:79)
	at org.springframework.boot.context.embedded.tomcat.TomcatEmbeddedServletContainer.<init>(TomcatEmbeddedServletContainer.java:69)
	at org.springframework.boot.context.embedded.tomcat.TomcatEmbeddedServletContainerFactory.getTomcatEmbeddedServletContainer(TomcatEmbeddedServletContainerFactory.java:256)
	at org.springframework.boot.context.embedded.tomcat.TomcatEmbeddedServletContainerFactory.getEmbeddedServletContainer(TomcatEmbeddedServletContainerFactory.java:135)
	at org.springframework.boot.context.embedded.EmbeddedWebApplicationContext.createEmbeddedServletContainer(EmbeddedWebApplicationContext.java:159)
	at org.springframework.boot.context.embedded.EmbeddedWebApplicationContext.onRefresh(EmbeddedWebApplicationContext.java:132)
	at org.springframework.context.support.AbstractApplicationContext.refresh(AbstractApplicationContext.java:476)
	at org.springframework.boot.context.embedded.EmbeddedWebApplicationContext.refresh(EmbeddedWebApplicationContext.java:120)
	at org.springframework.boot.SpringApplication.refresh(SpringApplication.java:616)
	at org.springframework.boot.SpringApplication.run(SpringApplication.java:306)
	at org.springframework.boot.SpringApplication.run(SpringApplication.java:877)
	at org.springframework.boot.SpringApplication.run(SpringApplication.java:866)
	at com.group3s.urubu.UrubuApplication.main(UrubuApplication.java:22)
Caused by: org.apache.catalina.LifecycleException: service.getName(): "Tomcat";  Protocol handler start failed
	at org.apache.catalina.connector.Connector.startInternal(Connector.java:1017)
	at org.apache.catalina.util.LifecycleBase.start(LifecycleBase.java:150)
	... 18 common frames omitted
Caused by: java.net.SocketException: Permission denied
	at sun.nio.ch.Net.bind0(Native Method)
	at sun.nio.ch.Net.bind(Net.java:444)
	at sun.nio.ch.Net.bind(Net.java:436)
	at sun.nio.ch.ServerSocketChannelImpl.bind(ServerSocketChannelImpl.java:214)
	at sun.nio.ch.ServerSocketAdaptor.bind(ServerSocketAdaptor.java:74)
	at org.apache.tomcat.util.net.NioEndpoint.bind(NioEndpoint.java:473)
	at org.apache.tomcat.util.net.AbstractEndpoint.start(AbstractEndpoint.java:630)
	at org.apache.coyote.AbstractProtocol.start(AbstractProtocol.java:449)
	at org.apache.catalina.connector.Connector.startInternal(Connector.java:1010)
	... 19 common frames omitted

2014-02-16 23:38:59.318  INFO 1490 [main] --- o.apache.catalina.core.StandardService   : Stopping service Tomcat
2014-02-16 23:38:59.349  INFO 1490 [main] --- .b.l.ClasspathLoggingApplicationListener : Application failed to start with classpath: [file:/Users/Lolo/Documents/workspace-sts-3.4.0.RELEASE/demo/target/classes/, file:/Users/Lolo/.m2/repository/org/springframework/boot/spring-boot-starter-web/1.0.0.RC2/spring-boot-starter-web-1.0.0.RC2.jar, file:/Users/Lolo/.m2/repository/org/springframework/boot/spring-boot-starter/1.0.0.RC2/spring-boot-starter-1.0.0.RC2.jar, file:/Users/Lolo/.m2/repository/org/springframework/boot/spring-boot/1.0.0.RC2/spring-boot-1.0.0.RC2.jar, file:/Users/Lolo/.m2/repository/org/springframework/boot/spring-boot-autoconfigure/1.0.0.RC2/spring-boot-autoconfigure-1.0.0.RC2.jar, file:/Users/Lolo/.m2/repository/org/springframework/boot/spring-boot-starter-tomcat/1.0.0.RC2/spring-boot-starter-tomcat-1.0.0.RC2.jar, file:/Users/Lolo/.m2/repository/org/apache/tomcat/embed/tomcat-embed-core/7.0.47/tomcat-embed-core-7.0.47.jar, file:/Users/Lolo/.m2/repository/org/apache/tomcat/embed/tomcat-embed-logging-juli/7.0.47/tomcat-embed-logging-juli-7.0.47.jar, file:/Users/Lolo/.m2/repository/com/fasterxml/jackson/core/jackson-databind/2.3.1/jackson-databind-2.3.1.jar, file:/Users/Lolo/.m2/repository/com/fasterxml/jackson/core/jackson-annotations/2.3.0/jackson-annotations-2.3.0.jar, file:/Users/Lolo/.m2/repository/com/fasterxml/jackson/core/jackson-core/2.3.1/jackson-core-2.3.1.jar, file:/Users/Lolo/.m2/repository/org/springframework/spring-web/4.0.1.RELEASE/spring-web-4.0.1.RELEASE.jar, file:/Users/Lolo/.m2/repository/org/springframework/spring-aop/4.0.1.RELEASE/spring-aop-4.0.1.RELEASE.jar, file:/Users/Lolo/.m2/repository/aopalliance/aopalliance/1.0/aopalliance-1.0.jar, file:/Users/Lolo/.m2/repository/org/springframework/spring-webmvc/4.0.1.RELEASE/spring-webmvc-4.0.1.RELEASE.jar, file:/Users/Lolo/.m2/repository/org/hibernate/hibernate-validator/5.0.2.Final/hibernate-validator-5.0.2.Final.jar, file:/Users/Lolo/.m2/repository/javax/validation/validation-api/1.1.0.Final/validation-api-1.1.0.Final.jar, file:/Users/Lolo/.m2/repository/org/jboss/logging/jboss-logging/3.1.1.GA/jboss-logging-3.1.1.GA.jar, file:/Users/Lolo/.m2/repository/com/fasterxml/classmate/1.0.0/classmate-1.0.0.jar, file:/Users/Lolo/.m2/repository/org/springframework/boot/spring-boot-starter-logging/1.0.0.RC2/spring-boot-starter-logging-1.0.0.RC2.jar, file:/Users/Lolo/.m2/repository/org/slf4j/jul-to-slf4j/1.7.5/jul-to-slf4j-1.7.5.jar, file:/Users/Lolo/.m2/repository/org/slf4j/log4j-over-slf4j/1.7.5/log4j-over-slf4j-1.7.5.jar, file:/Users/Lolo/.m2/repository/ch/qos/logback/logback-classic/1.1.0/logback-classic-1.1.0.jar, file:/Users/Lolo/.m2/repository/ch/qos/logback/logback-core/1.1.0/logback-core-1.1.0.jar, file:/Users/Lolo/.m2/repository/org/springframework/data/spring-data-mongodb/1.4.0.RC1/spring-data-mongodb-1.4.0.RC1.jar, file:/Users/Lolo/.m2/repository/org/springframework/spring-tx/4.0.1.RELEASE/spring-tx-4.0.1.RELEASE.jar, file:/Users/Lolo/.m2/repository/org/springframework/spring-context/4.0.1.RELEASE/spring-context-4.0.1.RELEASE.jar, file:/Users/Lolo/.m2/repository/org/springframework/spring-beans/4.0.1.RELEASE/spring-beans-4.0.1.RELEASE.jar, file:/Users/Lolo/.m2/repository/org/springframework/spring-core/4.0.1.RELEASE/spring-core-4.0.1.RELEASE.jar, file:/Users/Lolo/.m2/repository/org/springframework/spring-expression/4.0.1.RELEASE/spring-expression-4.0.1.RELEASE.jar, file:/Users/Lolo/.m2/repository/org/springframework/data/spring-data-commons/1.7.0.RC1/spring-data-commons-1.7.0.RC1.jar, file:/Users/Lolo/.m2/repository/org/mongodb/mongo-java-driver/2.11.3/mongo-java-driver-2.11.3.jar, file:/Users/Lolo/.m2/repository/org/slf4j/slf4j-api/1.7.5/slf4j-api-1.7.5.jar, file:/Users/Lolo/.m2/repository/org/slf4j/jcl-over-slf4j/1.7.5/jcl-over-slf4j-1.7.5.jar, file:/Users/Lolo/.m2/repository/org/webjars/angularjs/1.2.12/angularjs-1.2.12.jar]
2014-02-16 23:39:47.768  INFO 1491 [main] --- com.group3s.urubu.UrubuApplication       : Starting UrubuApplication on macbook.local with PID 1491 (/Users/Lolo/Documents/workspace-sts-3.4.0.RELEASE/demo/target/classes started by Lolo)
2014-02-16 23:39:47.840  INFO 1491 [main] --- ationConfigEmbeddedWebApplicationContext : Refreshing org.springframework.boot.context.embedded.AnnotationConfigEmbeddedWebApplicationContext@119e7782: startup date [Sun Feb 16 23:39:47 CET 2014]; root of context hierarchy
2014-02-16 23:39:49.797  INFO 1491 [main] --- .t.TomcatEmbeddedServletContainerFactory : Server initialized with port: 9000
2014-02-16 23:39:50.217  INFO 1491 [main] --- o.apache.catalina.core.StandardService   : Starting service Tomcat
2014-02-16 23:39:50.218  INFO 1491 [main] --- org.apache.catalina.core.StandardEngine  : Starting Servlet Engine: Apache Tomcat/7.0.47
2014-02-16 23:39:50.439  INFO 1491 [localhost-startStop-1] --- o.a.c.c.C.[Tomcat].[localhost].[/]       : Initializing Spring embedded WebApplicationContext
2014-02-16 23:39:50.440  INFO 1491 [localhost-startStop-1] --- o.s.web.context.ContextLoader            : Root WebApplicationContext: initialization completed in 2605 ms
2014-02-16 23:39:52.319  INFO 1491 [main] --- o.s.w.s.handler.SimpleUrlHandlerMapping  : Mapped URL path [/**/favicon.ico] onto handler of type [class org.springframework.web.servlet.resource.ResourceHttpRequestHandler]
2014-02-16 23:39:52.481  INFO 1491 [main] --- s.w.s.m.m.a.RequestMappingHandlerMapping : Mapped "{[/customer/create],methods=[POST],params=[],headers=[],consumes=[],produces=[],custom=[]}" onto public com.group3s.urubu.domain.Customer com.group3s.urubu.web.CustomerController.create(java.lang.String,java.lang.String)
2014-02-16 23:39:52.482  INFO 1491 [main] --- s.w.s.m.m.a.RequestMappingHandlerMapping : Mapped "{[/customer/all],methods=[GET],params=[],headers=[],consumes=[],produces=[],custom=[]}" onto public java.util.List<com.group3s.urubu.domain.Customer> com.group3s.urubu.web.CustomerController.all()
2014-02-16 23:39:52.483  INFO 1491 [main] --- s.w.s.m.m.a.RequestMappingHandlerMapping : Mapped "{[/customer/random],methods=[GET],params=[],headers=[],consumes=[],produces=[],custom=[]}" onto public com.group3s.urubu.domain.Customer com.group3s.urubu.web.CustomerController.random()
2014-02-16 23:39:52.484  INFO 1491 [main] --- s.w.s.m.m.a.RequestMappingHandlerMapping : Mapped "{[/hello-world],methods=[GET],params=[],headers=[],consumes=[],produces=[],custom=[]}" onto public com.group3s.urubu.domain.Greeting com.group3s.urubu.web.HelloWorldController.sayHello(java.lang.String)
2014-02-16 23:39:52.486  INFO 1491 [main] --- s.w.s.m.m.a.RequestMappingHandlerMapping : Mapped "{[/mesure/create],methods=[GET],params=[],headers=[],consumes=[],produces=[],custom=[]}" onto public com.group3s.urubu.domain.Mesure com.group3s.urubu.web.MesureController.create(java.lang.String,java.lang.String,java.lang.Integer,java.lang.String,java.lang.String,java.lang.String,java.lang.String,java.lang.String,java.lang.String,java.lang.String,java.lang.String,java.lang.String)
2014-02-16 23:39:52.487  INFO 1491 [main] --- s.w.s.m.m.a.RequestMappingHandlerMapping : Mapped "{[/mesure/all],methods=[GET],params=[],headers=[],consumes=[],produces=[],custom=[]}" onto public java.util.List<com.group3s.urubu.domain.Mesure> com.group3s.urubu.web.MesureController.all()
2014-02-16 23:39:52.499  INFO 1491 [main] --- o.s.w.s.c.a.WebMvcConfigurerAdapter      : Adding welcome page: file:/Users/Lolo/Documents/workspace-sts-3.4.0.RELEASE/demo/target/classes/static/index.html
2014-02-16 23:39:52.504  INFO 1491 [main] --- o.s.w.s.handler.SimpleUrlHandlerMapping  : Root mapping to handler of type [class org.springframework.web.servlet.mvc.ParameterizableViewController]
2014-02-16 23:39:52.524  INFO 1491 [main] --- o.s.w.s.handler.SimpleUrlHandlerMapping  : Mapped URL path [/**] onto handler of type [class org.springframework.web.servlet.resource.ResourceHttpRequestHandler]
2014-02-16 23:39:52.524  INFO 1491 [main] --- o.s.w.s.handler.SimpleUrlHandlerMapping  : Mapped URL path [/webjars/**] onto handler of type [class org.springframework.web.servlet.resource.ResourceHttpRequestHandler]
2014-02-16 23:39:52.863  INFO 1491 [main] --- o.s.j.e.a.AnnotationMBeanExporter        : Registering beans for JMX exposure on startup
2014-02-16 23:39:52.910  INFO 1491 [main] --- s.b.c.e.t.TomcatEmbeddedServletContainer : Tomcat started on port: 9000
2014-02-16 23:39:52.916  INFO 1491 [main] --- com.group3s.urubu.UrubuApplication       : Started UrubuApplication in 5.716 seconds (JVM running for 6.374)
2014-02-17 13:47:05.176  INFO 1491 [Thread-1] --- ationConfigEmbeddedWebApplicationContext : Closing org.springframework.boot.context.embedded.AnnotationConfigEmbeddedWebApplicationContext@119e7782: startup date [Sun Feb 16 23:39:47 CET 2014]; root of context hierarchy
2014-02-17 13:47:05.195  INFO 1491 [Thread-1] --- o.s.j.e.a.AnnotationMBeanExporter        : Unregistering JMX-exposed beans on shutdown
2014-02-17 18:19:46.792  INFO 4909 [main] --- com.ekito.teleinfo.TeleinfoApplication   : Starting TeleinfoApplication on macbook.eu.ekito.corp with PID 4909 (/Users/Lolo/Documents/workspace-sts-3.4.0.RELEASE/demo/target/classes started by Lolo)
2014-02-17 18:19:46.863  INFO 4909 [main] --- ationConfigEmbeddedWebApplicationContext : Refreshing org.springframework.boot.context.embedded.AnnotationConfigEmbeddedWebApplicationContext@63f415f: startup date [Mon Feb 17 18:19:46 CET 2014]; root of context hierarchy
2014-02-17 18:19:48.887  INFO 4909 [main] --- .t.TomcatEmbeddedServletContainerFactory : Server initialized with port: 9000
2014-02-17 18:19:49.326  INFO 4909 [main] --- o.apache.catalina.core.StandardService   : Starting service Tomcat
2014-02-17 18:19:49.327  INFO 4909 [main] --- org.apache.catalina.core.StandardEngine  : Starting Servlet Engine: Apache Tomcat/7.0.47
2014-02-17 18:19:49.535  INFO 4909 [localhost-startStop-1] --- o.a.c.c.C.[Tomcat].[localhost].[/]       : Initializing Spring embedded WebApplicationContext
2014-02-17 18:19:49.536  INFO 4909 [localhost-startStop-1] --- o.s.web.context.ContextLoader            : Root WebApplicationContext: initialization completed in 2679 ms
2014-02-17 18:19:51.274  INFO 4909 [main] --- o.s.w.s.handler.SimpleUrlHandlerMapping  : Mapped URL path [/**/favicon.ico] onto handler of type [class org.springframework.web.servlet.resource.ResourceHttpRequestHandler]
2014-02-17 18:19:51.390  INFO 4909 [main] --- s.w.s.m.m.a.RequestMappingHandlerMapping : Mapped "{[/mesure/create],methods=[GET],params=[],headers=[],consumes=[],produces=[],custom=[]}" onto public com.ekito.teleinfo.domain.Mesure com.ekito.teleinfo.web.MesureController.create(java.lang.String,java.lang.String,java.lang.Integer,java.lang.String,java.lang.String,java.lang.String,java.lang.String,java.lang.String,java.lang.String,java.lang.String,java.lang.String,java.lang.String)
2014-02-17 18:19:51.390  INFO 4909 [main] --- s.w.s.m.m.a.RequestMappingHandlerMapping : Mapped "{[/mesure/all],methods=[GET],params=[],headers=[],consumes=[],produces=[],custom=[]}" onto public java.util.List<com.ekito.teleinfo.domain.Mesure> com.ekito.teleinfo.web.MesureController.all()
2014-02-17 18:19:51.401  INFO 4909 [main] --- o.s.w.s.c.a.WebMvcConfigurerAdapter      : Adding welcome page: file:/Users/Lolo/Documents/workspace-sts-3.4.0.RELEASE/demo/target/classes/static/index.html
2014-02-17 18:19:51.405  INFO 4909 [main] --- o.s.w.s.handler.SimpleUrlHandlerMapping  : Root mapping to handler of type [class org.springframework.web.servlet.mvc.ParameterizableViewController]
2014-02-17 18:19:51.422  INFO 4909 [main] --- o.s.w.s.handler.SimpleUrlHandlerMapping  : Mapped URL path [/**] onto handler of type [class org.springframework.web.servlet.resource.ResourceHttpRequestHandler]
2014-02-17 18:19:51.422  INFO 4909 [main] --- o.s.w.s.handler.SimpleUrlHandlerMapping  : Mapped URL path [/webjars/**] onto handler of type [class org.springframework.web.servlet.resource.ResourceHttpRequestHandler]
2014-02-17 18:19:51.681  INFO 4909 [main] --- o.s.j.e.a.AnnotationMBeanExporter        : Registering beans for JMX exposure on startup
2014-02-17 18:19:51.712  INFO 4909 [main] --- s.b.c.e.t.TomcatEmbeddedServletContainer : Tomcat started on port: 9000
2014-02-17 18:19:51.717  INFO 4909 [main] --- com.ekito.teleinfo.TeleinfoApplication   : Started TeleinfoApplication in 5.51 seconds (JVM running for 6.236)
